<?xml version="1.0" encoding="UTF-8"?>
<!-- Generated by org.testng.reporters.JUnitReportReporter -->
<testsuite hostname="CPX-5CD151FN0S" failures="0" tests="4" name="TestNG" time="0.039" errors="0" timestamp="2022-07-07T19:54:34 IST" skipped="0">
  <testcase classname="TestNG" name="Testing12" time="0.028"/>
  <system-out/>
  <testcase classname="TestNG" name="Testing" time="0.004"/>
  <system-out/>
  <testcase classname="TestNG" name="Testing0" time="0.003"/>
  <system-out/>
  <testcase classname="TestNG" name="Testing1" time="0.004"/>
  <system-out/>
</testsuite> <!-- TestNG -->
