<?xml version="1.0" encoding="UTF-8"?>
<!-- Generated by org.testng.reporters.JUnitReportReporter -->
<testsuite hostname="CPX-5CD151FN0S" failures="0" tests="2" name="com.testNG.TestNGClass2" time="69.344" errors="0" timestamp="2022-05-27T12:49:02 IST" skipped="0">
  <testcase classname="com.testNG.TestNGClass2" name="Test2" time="33.721"/>
  <system-out/>
  <testcase classname="com.testNG.TestNGClass2" name="Test1" time="35.623"/>
  <system-out/>
</testsuite> <!-- com.testNG.TestNGClass2 -->
