<?xml version="1.0" encoding="UTF-8"?>
<!-- Generated by org.testng.reporters.JUnitReportReporter -->
<testsuite hostname="CPX-5CD151FN0S" failures="0" tests="2" name="com.testNG.TestNGClass1" time="58.038" errors="0" timestamp="2022-05-27T12:49:02 IST" skipped="0">
  <testcase classname="com.testNG.TestNGClass1" name="Test2" time="28.431"/>
  <system-out/>
  <testcase classname="com.testNG.TestNGClass1" name="Test1" time="29.607"/>
  <system-out/>
</testsuite> <!-- com.testNG.TestNGClass1 -->
